Arguments: 
  /usr/bin/node /usr/bin/yarn add picniccss

PATH: 
  /sbin:/bin:/usr/sbin:/usr/bin:/snap/bin

Yarn version: 
  1.16.0

Node version: 
  10.15.3

Platform: 
  linux x64

Trace: 
  Error: https://registry.yarnpkg.com/picniccss: Not found
      at Request.params.callback [as _callback] (/usr/lib64/node_modules/yarn/lib/util/request-manager.js:442:18)
      at Request.self.callback (/usr/lib64/node_modules/yarn/node_modules/request/request.js:185:22)
      at Request.emit (events.js:189:13)
      at Request.<anonymous> (/usr/lib64/node_modules/yarn/node_modules/request/request.js:1161:10)
      at Request.emit (events.js:189:13)
      at IncomingMessage.<anonymous> (/usr/lib64/node_modules/yarn/node_modules/request/request.js:1083:12)
      at Object.onceWrapper (events.js:277:13)
      at IncomingMessage.emit (events.js:194:15)
      at endReadableNT (_stream_readable.js:1125:12)
      at process._tickCallback (internal/process/next_tick.js:63:19)

npm manifest: 
  {
    "name": "novo",
    "version": "0.0.1",
    "description": "login_tela",
    "main": "index.html",
    "author": "Pedro_slythin",
    "license": "open source"
  }

yarn manifest: 
  No manifest

Lockfile: 
  # THIS IS AN AUTOGENERATED FILE. DO NOT EDIT THIS FILE DIRECTLY.
  # yarn lockfile v1
